[  0.000] Intiliing cgroup ubs cpse
[   0.0000 Iitaliznggroup ubsys cpu
[    0.000000] Initializing cgroup subsys cpuacct
[    0.000000] Linux version 4.4.0-38-generic (buildd@lgw01-58) (gcc version 5.4.0 20160609 (Ubuntu 5.4.0-6ubuntu1~16.04.2) ) #57-Ubuntu SMP Tue Sep 6 15:42:33 UTC 2016 (Ubuntu 4.4.0-38.57-generic 4.4.19)
[    0.000000] Command line: BOOT_IMAGE=/boot/vmlinuz-4.4.0-38-generic root=LABEL=cloudimg-rootfs ro console=tty1 console=ttyS0
[    0.000000] KERNEL supported cpus:
[    0.000000]   Intel GenuineIntel
[    0.000000]   AMD AuthenticAMD
[    0.000000]   Centaur CentaurHauls
[    0.000000] x86/fpu:xstate_offset[2]:  576, xstate_sizes[2]:  256
[    0.000000] x86/fpu: Supporting XSAVE feature 0x01: 'x87 floating point registers'
[    0.000000] x86/fpu: Supporting XSAVE feature 0x02: 'SSE registers'
[    0.000000] x86/fpu: Supporting XSAVE feature 0x04: 'AVX registers'
[    0.000000] x86/fpu: Enabled xstate features 0x7, context size is 832 bytes, using 'standard' format.
[    0.000000] x86/fpu: Using 'lazy' FPU context switches.
[    0.000000] e820: BIOS-provided physical RAM map:
[    0.000000] BIOS-e820: [mem 000000000000-0x000000000009fbff] usable
[    0.000000] BIOS-e820: [mem 0x000000000009fc00-0x000000000009ffff] reserved
[    0.000000] BIOS-e820: [mem 0x00000000000f0000-0x00000000ffff] eserved
[    0.000000] BIOS-e820: [mem 0x0000000000100000-0x000000003ffeffff] usable
[    0.000000] BIOS-e820: [mem 0x000000003fff0000-0x000000003fffffff] ACPI data
[    0.000000] BIO-e820: [em0x000000c0000-0000000fc0fff] reseved
[    0.000000] BIOS-e820: [mem 0x00000000fee00000-x000000f00fff] rseed
  0.0000 BIO-e0: [emx0000000ff00000x00000fffff resrv
[   0.0000 N(Execue Disable) protection active
[    0.000000] SMBIOS 2.5 present.
[    0.000000] Hyprvisor detected: KVM
[    0.000000] e820:  lat_fn= 0xff maxarh_fn =0x000000
[   0.000] MRRDisale
[    00000] 86PA: MTRsisabedskipinPAT nializti too
   00000] 86PA: onfiguration [0-7]: WB  WT  UC- UC  B WT  UC- UC  
[    0.000000] CPU MTRRs all blank - virtualized system.
[    0.000000] found SMP MP-table at [mem 0x009f0-0x00ffff] ppedat [ff880000ff0]
[   .00000] annig areas orow mmoy coruion[   0.000] RMDK: [emx36fc00-0x77e5ff]
[    0.000000] ACPI: Early table checksum verification disabled
[    0.000000] ACPI: RSDP 0x00000000000E0000 000024 (v02 VBOX  )
[    0.000000] ACPI: XSDT 0x000000003FFF0030 00003C (v01 VBOX   VBOXXSDT 000001 ASL  000061
[   00000]AC: FAP 00000000FFF00F0 0000F4 (v04 VBOX   VBOXFACP 00000001 ASL  00000061)
[    0.000000] ACPI: DSDT 0x000000003FFF0470 00210F (v01 VBOX   VBOXBIOS 00000002 INTL 20100528)
[    0.000000] ACPI: FACS 0x000000003FFF020 000040
[    0.000000] ACPI: FACS 0x000000003FFF0200 000040
[    0.000000] ACPI: APIC 0x000000003FFF0240 00005C (v02 VBOX   VBOXAPIC 00000001 ASL  00000061)
[    0.000000] ACPI: SSDT 0x000000003FFF02A0 0001CC (v01 VBOX   VBOXCPUT 00000002 INTL 20100528)
[    0.000000] No NUMA configuration found
[    0.000000] Faking a node at [mem 0x0000000000000000-0x000000003ffeffff]
[    0.000000] NODE_DATA(0) allocated [mem 0x3ffeb000-0x3ffeffff]
[    0.000000] kvm-clock: Using msrs 4b564d01 and 4b564d00
[    0.00000] kv-cck: pu, sr 03fe7001, primary cpu clock
[    0.000000] kvm-clock: using sched offset of 4024371744 cycles
[    0.000000] clocksource: kvm-clock: mask: 0xffffffffffffffff max_cycles: 0x1cd42e4dffb, max_idle_ns: 881590591483 ns
[    0.000000] Zone ranges:
[    0.000000]   DMA      [mem 0x0000000000001000-0x0000000000ffffff]
[    0.000000]   DMA32    [mem 0x0000000001000000-0x000000003ffeffff]
[    0.000000]   Normal   empty
[    0.000000]   Device   empty
[    0.000000] Movable zone start for each node
[    0.000000] Early memory node ranges
[    0.000000]   node   0: [mem 0x0000000000001000-0x000000000009efff]
[    0.000000]   node   0: [mem 0x0000000000100000-0x000000003ffeffff]
[    0.000000] Initmem setup node 0 [mem 0x0000000000001000-0x000000003ffeffff]
[    0.000000] ACPI: PM-Timer IO Port: 0x4008
[    0.000000] IOAPIC[0]: apic_id 2, version 32, ddss 0xf0000, SI-23[   0.000] APIINT_RCVR (us busir0 glbairq 2 df dl)
[   0.0000] ACPI: INT_SRC_OVR (bus 0 bus_irq 9 global_i 9high lve
[   0.0000 Ung APIMADT f SMPcoigurti infrmtin
[  00000] mpbot:llowng CPUs,0 tplu Cs
[  000000] P: Reisred noav mmory: [mem 0x00000000-0x00000fff]
[    0.000000] PM: Registered nosave memory: [mem 0x0009f000-0x0009ffff]
[    0.000000] PM: Registered nosave memory: [mem 0x000a0000-0x000effff]
[    0.000000] PM: Registered nosave memory: [mem 0x000f0000-0x000fffff]
[    0.000000] e820: [mem 0x40000000-0xfebfffff] available for PCI devices
[    0.000000] Booting paravirtualized kernel on KVM
[    0.0000]clocksur: refied-jiffies: mask: 0xffffffff max_cycles: 0xffffffff, max_idle_ns: 7645519600211568 ns
[    0.000000] setup_percpu: NR_CPUS:256 nr_cpumask_bits:256 nr_cpu_ids:2 nr_ndeids:1[   0.000] PRC: Emedd 33pas/cpu ff8800fc000 988 r89228968 10856
[  00000] V qpilockhashtae enri: 256 orr: 0, 096 bytes)
[    0.000000] Built 1 zonelists in Node order, mobility grouping on.  Totl ages: 257913
[    0.000000] Policy zone: DMA32
[    0.000000] Kernel command line: BOOT_IMAGE=/boot/vmlinuz-4..08-geri roo=LEL=coumg-rot ro onol=tty1 onole=ttyS0
[    0.000000] PID hash tble entries: 4096 (order: 3, 32768 bytes)
[    0.000000] Memory: 1004404K/1048120K available (8404K kernel code, 1283K rwdata, 3944K rodata, 1480K init, 1292K bss, 43716K reserved, 0K cma-reserved)
[    0.000000] SLUB: HWalign=64, Order=0-3, MinObjects=0, CPUs=2, Nodes=1
[    0.000000] Hierarchical RCU implementation.
[    0.000000] 	Build-time adjustmennt of leaf fanout to 64.
[    0.000000] 	RCU restricting CPUs from NR_CPUS=256 to nr_cpu_ids=2.
[    0.000000] RCU: Adjusting geometry for rcu_fanout_lef=4,nr_cu_s=2[  00000] NR_RQ1664 nirqs44 1
[   000000 Csoe: clor GA+ 0x
[   0.000000] console [tty1] enabled
[    0.000000] console [ttyS0] enabled
[    0.000000] tsc: Detected 2494.222 MHz processor
[    8.210453] Calibrating delay loop (skipped) preset value.. 4988.44 BogoMIPS (lpj=9976888)
[    8.212192] pid_max: default: 32768 minimum: 301
[    8.213139] ACPI: Core revision 20150930
[   .215068] ACPI: 2 ACPI AML tables successfully acquired and loaded
[    8.286570] Security Framework initialized
[    8.295163] Yama: becoming mindful.
[    8.366702] AppArmor: AppArmor initialized
[    8.450889] Dentry cache hash table entries: 131072 (order: 8, 1048576 bytes)
[    8.546600] Inode-cache hash table entries: 65536 (order: 7, 524288 bytes)
[    8.652029] Mount-cache hash table entries: 2048 (order: 2, 16384 bytes)
[    8.730351] Mountpoint-cache hash table entries: 2048 (order: 2, 16384 bytes)
[    8.763503] Initializing cgroup subsys io
[    8.764376] Initializing cgroup subsys memory
[    8.765346] Initializing cgroup subsys devices
[    8.766286] Initializing cgroup subsys freezer
[    8.767209] Initializing cgroup subsys net_cls
[    8.768127] Initializing cgroup subsys perf_event
[    8.769076] Initializing cgroup subsys net_prio
[    8.770031] Initializing cgroup subsys hugetlb
[    8.770943] Initializing cgroup subsys pids
[    8.771909] CPU: Physical Processor ID: 0
[    8.772766] CPU: Processor Core ID: 0
[    8.774496] mce: CPU supports 0 MCE banks
[    8.775361] Last level iTLB entries: 4KB 1024, 2MB 1024, 4MB 1024
[    8.776523] Last level dTLB entries: 4KB 1024, 2MB 1024, 4MB 1024, 1GB 4
[    8.779925] Freeing SMP alternatives memory: 32K (ffffffff820b4000 - ffffffff820bc000)
[    8.790753] ftrace: allocating 32006 entries in 126 pages
[    8.952885] smpboot: Max logical packages: 1
[    9.039815] smpboot: APIC(0) Converting physical 0 to logical package 0
[    9.130574] x2apic enabled
[    9.131510] Switched APIC routing to physical x2apic.
[    9.133771] ..TIMER: vector=0x30 apic1=0 pin1=2 apic2=-1 pin2=-1
[    9.241582] smpboot: CPU0: Intel(R) Core(TM) i5-4200M CPU @ 2.50GHz (family: 0x6, model: 0x3c, stepping: 0x3)
[    9.347574] Performance Events: unsupported p6 CPU model 60 no PMU driver, software events only.
[    9.359062] KVM setup paravirtual spinlock
[    9.361093] x86: Booting SMP configuration:
[    9.387045] .... node  #0, CPUs:      #1
[    9.410762] kvm-clock: cpu 1, msr 0:3ffe7041, secondary cpu clock
[    9.412674] mce: CPU supports 0 MCE banks
[    9.415304] x86: Booted up 1 node, 2 CPUs
[    9.418309] smpboot: Total of 2 processors activated (9976.88 BogoMIPS)
[    9.419958] devtmpfs: initialized
[    9.426439] evm: security.selinux
[    9.427325] evm: security.SMACK64
[    9.428094] evm: security.SMACK64EXEC
[    9.428891] evm: security.SMACK64TRANSMUTE
[    9.429778] evm: security.SMACK64MMAP
[    9.430610] evm: security.ima
[    9.465914] evm: security.capability
[    9.507203] clocksource: jiffies: mask: 0xffffffff max_cycles: 0xffffffff, max_idle_ns: 7645041785100000 ns
[    9.630367] pinctrl core: initialized pinctrl subsystem
[    9.696681] RTC time: 15:33:59, date: 10/27/16
[    9.750452] NET: Registered protocol family 16
[    9.769606] cpuidle: using governor ladder
[    9.819461] cpuidle: using governor menu
[    9.859870] PCCT header not found.
[    9.893175] ACPI: bus type PCI registered
[    9.894410] acpiphp: ACPI Hot Plug PCI Controller Driver version: 0.5
[    9.896234] PCI: Using configuration type 1 for base access
[    9.911198] ACPI: Added _OSI(Module Device)
[    9.915364] ACPI: Added _OSI(Processor Device)
[    9.920419] ACPI: Added _OSI(3.0 _SCP Extensions)
[    9.946057] ACPI: Added _OSI(Processor Aggregator Device)
[   10.021796] ACPI: Executed 1 blocks of module-level executable AML code
[   10.077476] ACPI: Interpreter enabled
[   10.113548] ACPI Exception: AE_NOT_FOUND, While evaluating Sleep State [\_S1_] (20150930/hwxface-580)
[   10.121196] ACPI Exception: AE_NOT_FOUND, While evaluating Sleep State [\_S2_] (20150930/hwxface-580)
[   10.123326] ACPI Exception: AE_NOT_FOUND, While evaluating Sleep State [\_S3_] (20150930/hwxface-580)
[   10.134409] ACPI Exception: AE_NOT_FOUND, While evaluating Sleep State [\_S4_] (20150930/hwxface-580)
[   10.182230] ACPI: (supports S0 S5)
[   10.224247] ACPI: Using IOAPIC for interrupt routing
[   10.272842] PCI: Using host bridge windows from ACPI; if necessary, use "pci=nocrs" and report a bug
[   10.278453] ACPI: PCI Root Bridge [PCI0] (domain 0000 [bus 00-ff])
[   10.279616] acpi PNP0A03:00: _OSC: OS supports [ASPM ClockPM Segments MSI]
[   10.280986] acpi PNP0A03:00: _OSC failed (AE_NOT_FOUND); disabling ASPM
[   10.282232] acpi PNP0A03:00: fail to add MMCONFIG information, can't access extended PCI configuration space under this bridge.
[   10.347544] PCI host bridge to bus 0000:00
[   10.372543] pci_bus 0000:00: root bus resource [io  0x0000-0x0cf7 window]
[   10.374289] pci_bus 0000:00: root bus resource [io  0x0d00-0xffff window]
[   10.376010] pci_bus 0000:00: root bus resource [mem 0x000a0000-0x000bffff window]
[   10.382249] pci_bus 0000:00: root bus resource [mem 0x40000000-0xffdfffff window]
[   10.384437] pci_bus 0000:00: root bus resource [bus 00-ff]
[   10.388654] pci 0000:00:01.1: legacy IDE quirk: reg 0x10: [io  0x01f0-0x01f7]
[   10.415877] pci 0000:00:01.1: legacy IDE quirk: reg 0x14: [io  0x03f6]
[   10.440234] pci 0000:00:01.1: legacy IDE quirk: reg 0x18: [io  0x0170-0x0177]
[   10.451405] pci 0000:00:01.1: legacy IDE quirk: reg 0x1c: [io  0x0376]
[   10.510415] pci 0000:00:07.0: quirk: [io  0x4000-0x403f] claimed by PIIX4 ACPI
[   10.538590] pci 0000:00:07.0: quirk: [io  0x4100-0x410f] claimed by PIIX4 SMB
[   10.570168] ACPI: PCI Interrupt Link [LNKA] (IRQs 5 9 10 *11)
[   10.595814] ACPI: PCI Interrupt Link [LNKB] (IRQs 5 9 10 *11)
[   10.664557] ACPI: PCI Interrupt Link [LNKC] (IRQs 5 9 *10 11)
[   10.748498] ACPI: PCI Interrupt Link [LNKD] (IRQs 5 *9 10 11)
[   10.807181] ACPI: Enabled 2 GPEs in block 00 to 07
[   10.867409] vgaarb: setting as boot device: PCI:0000:00:02.0
[   10.895335] vgaarb: device added: PCI:0000:00:02.0,decodes=io+mem,owns=io+mem,locks=none
[   10.897325] vgaarb: loaded
[   10.927031] vgaarb: bridge control possible 0000:00:02.0
[   11.002554] SCSI subsystem initialized
[   11.040571] ACPI: bus type USB registered
[   11.091890] usbcore: registered new interface driver usbfs
[   11.163599] usbcore: registered new interface driver hub
[   11.220663] usbcore: registered new device driver usb
[   11.282540] PCI: Using ACPI for IRQ routing
[   11.333872] NetLabel: Initializing
[   11.375182] NetLabel:  domain hash size = 128
[   11.390412] NetLabel:  protocols = UNLABELED CIPSOv4
[   11.391433] NetLabel:  unlabeled traffic allowed by default
[   11.404468] amd_nb: Cannot enumerate AMD northbridges
[   11.405519] clocksource: Switched to clocksource kvm-clock
[   11.415797] AppArmor: AppArmor Filesystem Enabled
[   1.73] p:PnP APIin
  117435] np PnPACPI fnd dvis
[   12.239984] clocksource: acpi_pm: mask: 0xffffff max_cycles: 0xffffff, max_idle_ns: 2085701024 ns
[   12.241804] NET: Registered protocol family 2
[   12.242847] TCP established hash table entries: 8192 (order: 4, 65536 bytes)
[   12.247914] TCP bind hash table entries: 8192 (order: 5, 131072 bytes)
[   12.249121] TCP: Hash tables configured (established 8192 bind 8192)
[   12.250329] UDP hash table entries: 512 (order: 2, 16384 bytes)
[   12.251440] UDP-Lite hash table entries: 512 (order: 2, 16384 bytes)
[   12.252644] NET: Registered protocol family 1
[   12.255017] pci 0000:00:00.0: Limiting direct PCI/PCI transfers
[   12.256150] pci 0000:00:01.0: Activating ISA DMA hang workarounds
[   12.261075] Trying to unpack rootfs image as initramfs...
[   4.056]renginrdemy:23 (ff00fd00 ff8037e6000)
[  4.93819] APPMdect, I its -3Joes4 ix cnts 731840 m ol time
  5.69]  ut  daippco 20 ul

[   16.654387] hw unit of domain package 2^-0 Joules
[   16.712157] hw unit of domain dram 2^-0 Joules
[   16.742739] hw unit of domain pp1-gpu 2^-0 Joules
[   6.06] latfom c_mo: registered platform RTC device (no PNP devceou)  7.53] anngorowemy rrti ery 6 son
  189133] tsc: Refined TSC clocksource calibration: 2494.680 MHz

[   18.217937] clocksource: tsc: mask: 0xffffffffffffffff max_cycles: 0x23f59829d69, max_idle_ns: 440795305626 ns
[   182109fux shab entes51(oer3,27 btes)
[   18.218333] audit: initializing netlink subsys (disabled)
[   18.218346] audit: type=2000 audit(1477582443.249:1): initialized
[   18.218637] Initialise system trusted keyring
[   18.218737] HugeTLB registered 2 MB page size, pre-allocated 0 pages
[   18.220220] zbud: loaded
[   18.220390] VFS: Disk quotas dquot_6.6.0
[   18.220421] VFS: Dquot-cache hash table entries: 512 (order 0, 4096 bytes)
[   18.220664] squashfs: version 4.0 (2009/01/31) Phillip Lougher
[   18.220893] fuse init (API version 7.23)
[   18.221018] Key type big_key registered
[   18.221045] Allocating IMA MOK and blacklist keyrings.
[   18.221232] Key type asymmetric registered
[   18.221237] Asymmetric key parser 'x509' registered
[   18.221270] Block layer SCSI generic (bsg) driver version 0.4 loaded (major 249)
[   18.221288] io scheduler noop registered
[   18.221290] io scheduler deadline registered (default)
[   18.221321] io scheduler cfq registered
[   18.221411] pci_hotplug: PCI Hot Plug PCI Core version: 0.5
[   18.221417] pciehp: PCI Express Hot Plug Controller Driver version: 0.4
[   18.221553] ACPI: AC Adapter [AC] (off-line)
[   18.221603] input: Power Button as /devices/LNXSYSTM:00/LNXPWRBN:00/input/input0
[   18.221606] ACPI: Power Button [PWRF]
[   18.221700] input: Sleep Button as /devices/LNXSYSTM:00/LNXSLPBN:00/input/input1
[   18.221703] ACPI: Sleep Button [SLPF]
[   18.221852] GHES: HEST is not enabled!
[   18.221930] Serial: 8250/16550 driver, 32 ports, IRQ sharing enabled
[   18.244194] 00:02: ttyS0 at I/O 0x3f8 (irq = 4, base_baud = 115200) is a 16550A
[   18.970280] Linux agpgart interface v0.103
[   18.981814] brd: module loaded
[   18.982704] loop: module loaded
[   18.983257] scsi host0: ata_piix
[   18.983314] scsi host1: ata_piix
[   18.983345] ata1: PATA max UDMA/33 cmd 0x1f0 ctl 0x3f6 bmdma 0xd000 irq 14
[   18.983346] ata2: PATA max UDMA/33 cmd 0x170 ctl 0x376 bmdma 0xd008 irq 15
[   18.983460] libphy: Fixed MDIO Bus: probed
[   18.983463] tun: Universal TUN/TAP device driver, 1.6
[   18.983464] tun: (C) 1999-2004 Max Krasnyansky <maxk@qualcomm.com>
[   18.983519] PPP generic driver version 2.4.2
[   18.983589] ehci_hcd: USB 2.0 'Enhanced' Host Controller (EHCI) Driver
[   18.983593] ehci-pci: EHCI PCI platform driver
[   18.983605] ehci-platform: EHCI generic platform driver
[   18.983616] ohci_hcd: USB 1.1 'Open' Host Controller (OHCI) Driver
[   18.983620] ohci-pci: OHCI PCI platform driver
[   18.983631] ohci-platform: OHCI generic platform driver
[   18.983641] uhci_hcd: USB Universal Host Controller Interface driver
[   18.983713] i8042: PNP: PS/2 Controller [PNP0303:PS2K,PNP0f03:PS2M] at 0x60,0x64 irq 1,12
[   18.985113] ACPI: Battery Slot [BAT0] (battery present)
[   19.042896] serio: i8042 KBD port at 0x60,0x64 irq 1
[   19.042903] serio: i8042 AUX port at 0x60,0x64 irq 12
[   19.043059] mousedev: PS/2 mouse device common for all mice
[   19.043370] rtc_cmos rtc_cmos: rtc core: registered rtc_cmos as rtc0
[   19.043430] rtc_cmos rtc_cmos: alarms up to one day, 114 bytes nvram
[   19.043455] i2c /dev entries driver
[   19.043510] device-mapper: uevent: version 1.0.3
[   19.043568] device-mapper: ioctl: 4.34.0-ioctl (2015-10-28) initialised: dm-devel@redhat.com
[   19.043589] ledtrig-cpu: registered to indicate activity on CPUs
[   19.043868] NET: Registered protocol family 10
[   19.044045] NET: Registered protocol family 17
[   19.044057] Key type dns_resolver registered
[   19.047607] microcode: CPU0 sig=0x306c3, pf=0x40, revision=0x0
[   19.047620] microcode: CPU1 sig=0x306c3, pf=0x40, revision=0x0
[   19.047704] microcode: Microcode Update Driver: v2.01 <tigran@aivazian.fsnet.co.uk>, Peter Oruba
[   19.047831] registered taskstats version 1
[   19.047844] Loading compiled-in X.509 certificates
[   19.048593] Loaded X.509 cert 'Build time autogenerated kernel key: 8b9fe5db9540517005e475afed63f7a6645227d6'
[   19.048625] zswap: loaded using pool lzo/zbud
[   19.050355] Key type trusted registered
[   19.052863] Key type encrypted registered
[   19.052869] AppArmor: AppArmor sha1 policy hashing enabled
[   19.052873] ima: No TPM chip found, activating TPM-bypass!
[   19.052891] evm: HMAC attrs: 0x1
[   19.053164]   Magic number: 4:674:589
[   19.053389] rtc_cmos rtc_cmos: setting system clock to 2016-10-27 15:34:09 UTC (1477582449)
[   19.053517] BIOS EDD facility v0.16 2004-Jun-25, 0 devices found
[   19.053518] EDD information not available.
[   19.082711] input: AT Translated Set 2 keyboard as /devices/platform/i8042/serio0/input/input2
[   20.152568] Freeing unused kernel memory: 1480K (ffffffff81f42000 - ffffffff820b4000)
[   20.236556] Write protecting the kernel read-only data: 14336k
[   20.243214] Freeing unused kernel memory: 1824K (ffff880001838000 - ffff880001a00000)
[   20.256542] Freeing unused kernel memory: 152K (ffff880001dda000 - ffff880001e00000)
Loading, please wait...
starting version[   20.296108] random: systemd-udevd: uninitialized urandom read (16 bytes read, 3 bits of entropy available)
 229
[   20.300863] random: udevadm: uninitialized urandom read (16 bytes read, 3 bits of entropy available)
[   20.300951] random: udevadm: uninitialized urandom read (16 bytes read, 3 bits of entropy available)
[   20.301233] random: udevadm: uninitialized urandom read (16 bytes read, 3 bits of entropy available)
[   20.301357] random: udevadm: uninitialized urandom read (16 bytes read, 3 bits of entropy available)
[   20.301457] random: udevadm: uninitialized urandom read (16 bytes read, 3 bits of entropy available)
[   20.301702] random: udevadm: uninitialized urandom read (16 bytes read, 3 bits of entropy available)
[   20.301812] random: udevadm: uninitialized urandom read (16 bytes read, 3 bits of entropy available)
[   20.301903] random: udevadm: uninitialized urandom read (16 bytes read, 3 bits of entropy available)
[   20.301992] random: udevadm: uninitialized urandom read (16 bytes read, 3 bits of entropy available)
[   20.428918] e1000: Intel(R) PRO/1000 Network Driver - version 7.3.21-k8-NAPI
[   20.438445] e1000: Copyright (c) 1999-2006 Intel Corporation.
[   20.450707] Fusion MPT base driver 3.04.20
[   20.465010] Copyright (c) 1999-2008 LSI Corporation
[   20.472452] Fusion MPT SPI Host driver 3.04.20
[   20.514009] AVX version of gcm_enc/dec engaged.
[   20.520439] AES CTR mode by8 optimization enabled
[   20.673462] input: ImExPS/2 Generic Explorer Mouse as /devices/platform/i8042/serio1/input/input4
[   20.865344] e1000 0000:00:03.0 eth0: (PCI:33MHz:32-bit) 02:43:46:79:4c:9c
[   21.039955] e1000 0000:00:03.0 eth0: Intel(R) PRO/1000 Network Connection
[   21.136473] mptbase: ioc0: Initiating bringup
[   21.136732] e1000 0000:00:03.0 enp0s3: renamed from eth0
[   21.325390] ioc0: LSI53C1030 A0: Capabilities={Initiator}
[   22.140360] scsi host2: ioc0: LSI53C1030 A0, FwRev=00000000h, Ports=1, MaxQ=256, IRQ=20
[   23.200006] scsi 2:0:0:0: Direct-Access     VBOX     HARDDISK         1.0  PQ: 0 ANSI: 5
[   23.403094] scsi target2:0:0: Beginning Domain Validation
[   23.505707] floppy0: no floppy controllers found
[   23.557357] work still pending
[   23.558803] scsi target2:0:0: Domain Validation skipping write tests
[   23.558804] scsi target2:0:0: Ending Domain Validation
[   23.558868] scsi target2:0:0: asynchronous
[   23.602511] scsi 2:0:1:0: Direct-Access     VBOX     HARDDISK         1.0  PQ: 0 ANSI: 5
[   23.602518] scsi target2:0:1: Beginning Domain Validation
[   23.603682] scsi target2:0:1: Domain Validation skipping write tests
[   23.603683] scsi target2:0:1: Ending Domain Validation
[   23.603756] scsi target2:0:1: asynchronous
[   23.641864] sd 2:0:0:0: Attached scsi generic sg0 type 0
[   23.642092] sd 2:0:0:0: [sda] 20971520 512-byte logical blocks: (10.7 GB/10.0 GiB)
[   23.642301] sd 2:0:0:0: [sda] Write Protect is off
[   23.642434] sd 2:0:0:0: [sda] Incomplete mode parameter data
[   23.642436] sd 2:0:0:0: [sda] Assuming drive cache: write through
[   23.694162]  sda: sda1
[   23.695025] sd 2:0:0:0: [sda] Attached SCSI disk
[   23.932784] sd 2:0:1:0: Attached scsi generic sg1 type 0
[   23.932882] sd 2:0:1:0: [sdb] 20480 512-byte logical blocks: (10.5 MB/10.0 MiB)
[   23.933087] sd 2:0:1:0: [sdb] Write Protect is off
[   23.933215] sd 2:0:1:0: [sdb] Incomplete mode parameter data
[   23.933216] sd 2:0:1:0: [sdb] Assuming drive cache: write through
[   23.960097] sd 2:0:1:0: [sdb] Attached SCSI disk
Begin: Loading e[   25.920464] md: linear personality registered for level -1
ssential drivers[   25.931252] md: multipath personality registered for level -4
 ... [   25.972611] md: raid0 personality registered for level 0
[   25.984906] md: raid1 personality registered for level 1
[   26.065845] raid6: sse2x1   gen()  7714 MB/s
[   26.141632] raid6: sse2x1   xor()  4577 MB/s
[   26.278025] raid6: sse2x2   gen()  9900 MB/s
[   26.409668] raid6: sse2x2   xor()  6491 MB/s
[   26.545766] raid6: sse2x4   gen() 11199 MB/s
[   26.661847] raid6: sse2x4   xor()  7848 MB/s
[   26.706860] raid6: using algorithm sse2x4 gen() 11199 MB/s
[   26.770426] raid6: .... xor() 7848 MB/s, rmw enabled
[   26.825970] raid6: using ssse3x2 recovery algorithm
[   26.895857] xor: automatically using best checksumming function:
[   26.941958]    avx       : 20498.000 MB/sec
[   26.952756] async_tx: api initialized (async)
[   26.971880] md: raid6 personality registered for level 6
[   26.979399] md: raid5 personality registered for level 5
[   26.986432] md: raid4 personality registered for level 4
[   26.995808] md: raid10 personality registered for level 10
done.
Begin: Running /scripts/init-premount ... done.
Begin: Mounting root file system ... Begin: Running /scripts/local-top ... done.
Begin: Running /scripts/local-premount ... [   27.063483] Btrfs loaded
Scanning for Btrfs filesystems
done.
Warning: fsck not present, so skipping root file system
[   27.146497] EXT4-fs (sda1): mounted filesystem with ordered data mode. Opts: (null)
done.
Begin: Running /scripts/local-bottom ... done.
Begin: Running /scripts/init-bottom ... Warning: overlayroot: debug is busted
done.
[   29.360332] random: nonblocking pool is initialized
[   0.4867] syte[1 sstemd 229 runnngn st me.+P +DI +ELUX+IMA+AARR MAK +SVIIT +TM+LCRTSTU+GRYPT +GNUTLS +ACL +XZ -LZ4 +SECCOMP +BLKID +ELFUTILS +KMOD -IDN)

[   32.24154syemd[1]: Detected virtualizatin rae.[ 3253368]syem1]Dect achittu x-6

Welcome to [1mUbuntu 16.04.1 LTS[0m!

[ 33041]ysmd1]: Set hostname to <ubuntu-xenial>.
[ 359305syte[1 Lteing on Jurl Socket.

[[0;32m  OK  [0m] Listening on Journal Socket.
[  37587systemd[1]: Created slice System Slice.
[[0;32m  OK  [0m] Created slice System Slice.
[   35.981808] systemd[1]: Starting Set console keymap...
         Starting Set console keymap...
[   36.034088] systemd[1]: Starting Remount Root and Kernel File Systems...
         Starting Remount Root and Kernel File Systems...
[   36.103519] systemd[1]: Mounting Huge Pages File System...
         Mounting Huge Pages File System...
[   36.214498] systemd[1]: Mounting POSIX Message Queue File System...
         Mounting POSIX Message Queue File System...
[   36.308368] EXT4-fs (sda1): re-mounted. Opts: (null)
[   36.355723] systemd[1]: Starting Load Kernel Modules...
         Starting Load Kernel Modules...
[   36.424221] systemd[1]: Listening on Syslog Socket.
[[0;32m  OK  [0m] Listening on Syslog Socket.
[   36.534704] systemd[1]: Reached target User and Group Name Lookups.
[[0;32m  OK  [0m] Reached target U[   36.616712] Loading iSCSI transport class v2.0-870.
ser and Group Name Lookups.
[   36.801762] systemd[1]: Listening on Device-mapper event daemon FIFOs.
[[0;32m  OK  [0m] Listening on Device-mapper event daemon FIFOs.
[   36.826585] iscsi: registered transport (tcp)
[   36.826645] systemd[1]: Listening on LVM2 poll daemon socket.
[[0;32m  OK  [0m] Listening on LVM2 poll daemon socket.
[   36.869655] systemd[1]: Mounting Debug File System...
         Mounting Debug File System...
[   36.914450] systemd[1]: Listening on LVM2 metadata daemon socket.
[[0;32m  OK  [0m] Listening on LVM2 metadata daemon socket.
[   36.975763] iscsi: registered transport (iser)
[   36.977944] systemd[1]: Starting Monitoring of LVM2 mirrors, snapshots etc. using dmeventd or progress polling...
         Starting Monitoring of LVM2 mirrors... dmeventd or progress polling...
[   37.082367] systemd[1]: Listening on Journal Socket (/dev/log).
[[0;32m  OK  [0m] Listening on Journal Socket (/dev/log).
[   37.130795] systemd[1]: Starting Uncomplicated firewall...
         Starting Uncomplicated firewall...
[   37.223260] systemd[1]: Created slice system-serial\x2dgetty.slice.
[[0;32m  OK  [0m] Created slice system-serial\x2dgetty.slice.
[   37.374280] systemd[1]: Set up automount Arbitrary Executable File Formats File System Automount Point.
[[0;32m  OK  [0m] Set up automount Arbitrary Executab...ats File System Automount Point.
[   37.512999] systemd[1]: Reached target Swap.
[[0;32m  OK  [0m] Reached target Swap.
[   37.618411] systemd[1]: Reached target Encrypted Volumes.
[[0;32m  OK  [0m] Reached target Encrypted Volumes.
[   37.770762] systemd[1]: Listening on udev Kernel Socket.
[[0;32m  OK  [0m] Listening on udev Kernel Socket.
[   37.926372] systemd[1]: Listening on /dev/initctl Compatibility Named Pipe.
[[0;32m  OK  [0m] Listening on /dev/initctl Compatibility Named Pipe.
[   38.138373] systemd[1]: Starting Nameserver information manager...
         Starting Nameserver information manager...
[   38.183017] systemd[1]: Listening on udev Control Socket.
[[0;32m  OK  [0m] Listening on udev Control Socket.
[   38.227828] systemd[1]: Created slice User and Session Slice.
[[0;32m  OK  [0m] Created slice User and Session Slice.
[   38.275226] systemd[1]: Reached target Slices.
[[0;32m  OK  [0m] Reached target Slices.
[   38.314529] systemd[1]: Starting Create list of required static device nodes for the current kernel...
         Starting Create list of required st... nodes for the current kernel...
[   38.376857] systemd[1]: Listening on Journal Audit Socket.
[[0;32m  OK  [0m] Listening on Journal Audit Socket.
[   38.566772] systemd[1]: Starting Journal Service...
         Starting Journal Service...
[   38.627630] systemd[1]: Started Forward Password Requests to Wall Directory Watch.
[[0;32m  OK  [0m] Started Forward Password Requests to Wall Directory Watch.
[   38.796732] systemd[1]: Mounted POSIX Message Queue File System.
[[0;32m  OK  [0m] Mounted POSIX Message Queue File System.
[   38.881527] systemd[1]: Mounted Debug File System.
[[0;32m  OK  [0m] Mounted Debug File System.
[   38.962701] systemd[1]:Montd Huge Pages Fleysm.
[[0;32m  OK  [0m] Mounted Huge Pages File System.
[   39.323693] systemd[1]: Started Journal Service.
[[0;32m  OK  [0m] Started Journal Service.
[[0;32m  OK  [0m] Started Set console keymap.
[[0;32m  OK  [0m] Started Remount Root and Kernel File Systems.
[[0;32m  OK  [0m] Started Load Kernel Modules.
[[0;32m  OK  [0m] Started Uncomplicated firewall.
[[0;32m  OK  [0m] Started Create list of required sta...ce nodes for the current kernel.
[[0;32m  OK  [0m] Started Nameserver information manager.
[[0;32m  OK  [0m] Started LVM2 metadata daemon.
         Starting Create Static Device Nodes in /dev...
         Mounting FUSE Control File System...
         Starting Apply Kernel Variables...
         Starting udev Coldplug all Devices...
         Starting Load/Save Random Seed...
         Starting Flush Journal to Persistent Storage...
[[0;32m  OK  [0m] Mounted FUSE Control File System.
[[0;32m  OK  [0m] Started Monitoring of LVM2 mirrors,...ng dmeventd or progress polling.
[[0;32m  OK  [0m] Started Create Static Device Nodes in /dev.
[[0;32m  OK  [0m] Started Apply Kernel Variables.
[[0;32m  OK  [0m] Started Load/Save Random Seed.
[[0;32m  OK  [0m] Started udev Coldplug all Devices.
         Starting udev Kernel Device Manager...
[[0;32m  OK  [0m] Started Flush Journal to Persistent Storage.
[[0;32m  OK  [0m] Started udev Kernel Device Manager.
[[0;32m  OK  [0m] Started Dispatch Password Requests to Console Directory Watch.
[[0;32m  OK  [0m] Reached target Local File Systems (Pre).
[[0;32m  OK  [0m] Reached target Local File Systems.
         Starting LSB: AppArmor initialization...
         Starting Set console font and keymap...
         Starting Create Volatile Files and Directories...
         Starting Run snappy firstboot setup...
         Starting Initial cloud-init job (pre-networking)...
         Starting Tell Plymouth To Write Out Runtime Data...
[[0;32m  OK  [0m] Found device /dev/ttyS0.
[[0;32m  OK  [0m] Started Tell Plymouth To Write Out Runtime Data.
[[0;32m  OK  [0m] Started Create Volatile Files and Directories.
[[0;32m  OK  [0m] Reached target System Time Synchronized.
         Starting Update UTMP about System Boot/Shutdown...
[[0;32m  OK  [0m] Listening on Load/Save RF Kill Switch Status /dev/rfkill Watch.
[[0;32m  OK  [0m] Found device 82540EM Gigabit Ethern...r (PRO/1000 MT Desktop Adapter).
[[0;32m  OK  [0m] Started Set console font and keymap.
[[0;32m  OK  [0m] Started Update UTMP about System Boot/Shutdown.
[[0;32m  OK  [0m] Created slice system-getty.slice.
[[0;32m  OK  [0m] Started Run snappy firstboot setup.
[[0;32m  OK  [0m] Started LSB: AppArmor initialization.
[[0;32m  OK  [0m] Reached target System Initialization.
[[0;32m  OK  [0m] Started ACPI Events Check.
[[0;32m  OK  [0m] Started Trigger resolvconf update for networkd DNS.
[[0;32m  OK  [0m] Reached target Paths.
[[0;32m  OK  [0m] Started Daily Cleanup of Temporary Directories.
[[0;32m  OK  [0m] Started Timer to automatically refresh installed snaps.
[[0;32m  OK  [0m] Listening on ACPID Listen Socket.
[[0;32m  OK  [0m] Listening on D-Bus System Message Bus Socket.
         Starting Socket activation for snappy daemon.
[[0;32m  OK  [0m] Started Daily apt activities.
[[0;32m  OK  [0m] Reached target Timers.
[[0;32m  OK  [0m] Listening on UUID daemon activation socket.
         Starting LXD - unix socket.
[[0;32m  OK  [0m] Listening on Socket activation for snappy daemon.
[[0;32m  OK  [0m] Listening on LXD - unix socket.
[[0;32m  OK  [0m] Reached target Sockets.
[[0;32m  OK  [0m] Reached target Basic System.
[[0;32m  OK  [0m] Started FUSE filesystem for LXC.
[[0;32m  OK  [0m] Started D-Bus System Message Bus.
         Starting LXD - container startup/shutdown...
         Starting System Logging Service...
         Starting Login Service...
         Starting Accounts Service...
         Starting LSB: Record successful boot for GRUB...
[[0;32m  OK  [0m] Started ACPI event daemon.
[[0;32m  OK  [0m] Started Regular background program processing daemon.
[[0;32m  OK  [0m] Started Deferred execution scheduler.
         Starting LSB: MD monitoring daemon...
[[0;32m  OK  [0m] Started Snappy daemon.
[[0;32m  OK  [0m] Started Login Service.
[[0;32m  OK  [0m] Started LSB: Record successful boot for GRUB.
[[0;32m  OK  [0m] Started LSB: MD monitoring daemon.
[[0;32m  OK  [0m] Started System Logging Service.
         Starting Authenticate and Authorize Users to Run Privileged Tasks...
[[0;32m  OK  [0m] Started Authenticate and Authorize Users to Run Privileged Tasks.
[[0;32m  OK  [0m] Started Accounts Service.
[[0;32m  OK  [0m] Started LXD - container startup/shutdown.
[   69.335310] cloud-init[576]: Cloud-init v. 0.7.8 running 'init-local' at Thu, 27 Oct 2016 15:35:09 +0000. Up 68.23 seconds.
[[0;32m  OK  [0m] Started Initial cloud-init job (pre-networking).
[[0;32m  OK  [0m] Reached target Network (Pre).
         Starting Raise network interfaces...
[[0;32m  OK  [0m] Started ifup for enp0s3.
[[0;32m  OK  [0m] Started Raise network interfaces.
         Starting Initial cloud-init job (metadata service crawler)...
[[0;32m  OK  [0m] Reached target Network.
[   71.424647] cloud-init[1042]: Cloud-init v. 0.7.8 running 'init' at Thu, 27 Oct 2016 15:35:11 +0000. Up 70.49 seconds.
[   71.504636] [cloud-init[0;32m  OK  [0m[1042]: ] ci-info: +++++++++++++++++++++++++++++++++++++Net device info++++++++++++++++++++++++++++++++++++++Started Initial cloud-init job (metadata service crawler).

[   71.505100] cloud-init[1042]: ci-info: +--------+------+----------------------------+---------------+-------+-------------------+
[   71.528602] [cloud-init[0;32m  OK  [0m[1042]: ] ci-info: | Device |  Up  |          Address           |      Mask     | Scope |     Hw-Address    |Reached target Cloud-config availability.

[   71.734605] [[0;32m  OK  [0m] Reached target Network is Online.
cloud-init[1042]: ci-info: +--------+------+----------------------------+---------------+-------+-------------------+
[   71.857220]          cloud-initStarting iSCSI initiator daemon (iscsid)...[1042]: 
ci-info: |   lo   | True |         127.0.0.1          |   255.0.0.0   |   .   |         .         |
         Starting /etc/rc.local Compatibility...
[   71.963496] cloud-init[1042]: ci-info: |   lo   | True |          ::1/128           |       .       |  host |         .         |
[   72.025900] cloud-init[1042]: ci-info: | enp0s3 | True |         10.0.2.15          | 255.255.255.0 |   .   | 02:43:46:79:4c:9c |
         Starting Apply the settings specified in cloud-config...
[   72.066450] cloud-init[1042]: ci-info: | enp0s3 | True | fe80::43:46ff:fe79:4c9c/64 |       .       |  link | 02:43:46:79:4c:9c |
[   72.087290] cloud-init[1042]: ci-info: +--------+------+----------------------------+---------------+-------+-------------------+
[   72.122220]          cloud-initStarting OpenBSD Secure Shell server...[1042]: 
ci-info: +++++++++++++++++++++++++++Route IPv4 info++++++++++++++++++++++++++++
[   72.164027] [cloud-init[0;32m  OK  [0m[1042]: ] ci-info: +-------+-------------+----------+---------------+-----------+-------+Started /etc/rc.local Compatibility.

[   72.165002] cloud-init[1042]: ci-info: | Route | Destination | Gateway  |    Genmask    | Interface | Flags |
[   72.192603] cloud-init[1042]: ci-info: +-------+-------------+----------+---------------+-----------+-------+
[   72.248287] cloud-init[1042]: ci-info: |   0   |   0.0.0.0   | 10.0.2.2 |    0.0.0.0    |   enp0s3  |   UG  |
[   72.290620] [cloud-init[0;32m  OK  [0m[1042]: ] ci-info: |   1   |   10.0.2.0  | 0.0.0.0  | 255.255.255.0 |   enp0s3  |   U   |Started iSCSI initiator daemon (iscsid).

[   72.291154] cloud-init[1042]: ci-info: +-------+-------------+----------+---------------+-----------+-------+
         Starting Login to default iSCSI targets...
[[0;32m  OK  [0m] Started OpenBSD Secure Shell server.
[[0;32m  OK  [0m] Started Login to default iSCSI targets.
[[0;32m  OK  [0m] Reached target Remote File Systems (Pre).
[   72.670178] [cloud-init[0;32m  OK  [0m[1092]: ] Cloud-init v. 0.7.8 running 'modules:config' at Thu, 27 Oct 2016 15:35:13 +0000. Up 72.46 seconds.Reached target Remote File Systems.

         Starting LSB: Set the CPU Frequency Scaling governor to "ondemand"...
         Starting Permit User Sessions...
         Starting LSB: daemon to balance interrupts for SMP systems...
         Starting LSB: automatic crash report generation...
         Starting LSB: VirtualBox Linux Additions...
[[0;32m  OK  [0m] Started Apply the settings specified in cloud-config.
[[0;32m  OK  [0m] Started Permit User Sessions.
[[0;32m  OK  [0m] Started LSB: Set the CPU Frequency Scaling governor to "ondemand".
         Starting Hold until boot process finishes up...
         Starting Terminate Plymouth Boot Screen...
[[0;32m  OK  [0m] Started Hold until boot process finishes up.
[[0;32m  OK  [0m] Started Terminate Plymouth Boot Screen.
[[0;32m  OK  [0m] Started Getty on tty1.
         Starting Set console scheme...
[[0;32m  OK  [0m] Started Serial Getty on ttyS0.
[[0;32m  OK  [0m] Reached target Login Prompts.
[[0;32m  OK  [0m] Started LSB: daemon to balance interrupts for SMP systems.
[[0;32m  OK  [0m] Started LSB: automatic crash report generation.
[[0;32m  OK  [0m] Started Set console scheme.
[[0;32m  OK  [0m] Started LSB: VirtualBox Linux Additions.
[[0;32m  OK  [0m] Reached target Multi-User System.
         Starting Execute cloud user/final scripts...
         Starting Notify bootloader that boot was successful...
[[0;32m  OK  [0m] Reached target Graphical Interface.
         Starting Update UTMP about System Runlevel Changes...
[[0;32m  OK  [0m] Started Notify bootloader that boot was successful.
[[0;32m  OK  [0m] Started Update UTMP about System Runlevel Changes.
[   74.659015] cloud-init[1196]: Cloud-init v. 0.7.8 running 'modules:final' at Thu, 27 Oct 2016 15:35:15 +0000. Up 74.37 seconds.
[   74.777303] cloud-init[1196]: Cloud-init v. 0.7.8 finished at Thu, 27 Oct 2016 15:35:15 +0000. Datasource DataSourceNoCloud [seed=/dev/sdb][dsmode=net].  Up 74.63 seconds
[[0;32m  OK  [0m] Started Execute cloud user/final scripts.
[[0;32m  OK  [0m] Reached target Cloud-init target.

Ubuntu 16.04.1 LTS ubuntu-xenial ttyS0

ubuntu-xenial login: [14342.474408] sd 2:0:0:0: [sda] tag#31 Medium access timeout failure. Offlining disk!
[14352.850307] blk_update_request: I/O error, dev sda, sector 8535752
[14352.860160] Buffer I/O error on dev sda1, logical block 1066713, lost async page write
[14352.990573] Buffer I/O error on dev sda1, logical block 1066714, lost async page write
[14353.003079] Buffer I/O error on dev sda1, logical block 1066715, lost async page write
[14353.004197] Buffer I/O error on dev sda1, logical block 1066716, lost async page write
[14353.007997] Buffer I/O error on dev sda1, logical block 1066717, lost async page write
[14353.012294] Buffer I/O error on dev sda1, logical block 1066718, lost async page write
[14353.017932] Buffer I/O error on dev sda1, logical block 1066719, lost async page write
[14353.020237] Buffer I/O error on dev sda1, logical block 1066720, lost async page write
[14353.024249] Buffer I/O error on dev sda1, logical block 1066721, lost async page write
[14353.026743] Buffer I/O error on dev sda1, logical block 1066722, lost async page write
[14353.029637] sd 2:0:0:0: rejecting I/O to offline device
[14353.031528] sd 2:0:0:0: rejecting I/O to offline device
[14353.031557] blk_update_request: I/O error, dev sda, sector 8526512
[14353.034918] sd 2:0:0:0: rejecting I/O to offline device
[14353.035898] sd 2:0:0:0: rejecting I/O to offline device
[14353.036877] sd 2:0:0:0: rejecting I/O to offline device
[14353.037867] sd 2:0:0:0: rejecting I/O to offline device
[14353.040135] sd 2:0:0:0: rejecting I/O to offline device
[14353.040963] sd 2:0:0:0: rejecting I/O to offline device
[14353.041794] sd 2:0:0:0: rejecting I/O to offline device
[14353.042619] Buffer I/O error on device sda1, logical block 254320
[14353.043548] sd 2:0:0:0: rejecting I/O to offline device
[14353.044379] sd 2:0:0:0: rejecting I/O to offline device
[14353.045211] sd 2:0:0:0: rejecting I/O to offline device
[14353.046040] sd 2:0:0:0: rejecting I/O to offline device
[14353.048312] sd 2:0:0:0: rejecting I/O to offline device
[14353.054223] sd 2:0:0:0: rejecting I/O to offline device
[14353.097358] sd 2:0:0:0: rejecting I/O to offline device
[14353.098332] sd 2:0:0:0: rejecting I/O to offline device
[14353.099315] sd 2:0:0:0: rejecting I/O to offline device
[14353.101371] sd 2:0:0:0: rejecting I/O to offline device
[14353.102344] sd 2:0:0:0: rejecting I/O to offline device
[14353.103190] sd 2:0:0:0: rejecting I/O to offline device
[14353.104020] sd 2:0:0:0: rejecting I/O to offline device
[14353.104850] sd 2:0:0:0: rejecting I/O to offline device
[14353.105752] sd 2:0:0:0: rejecting I/O to offline device
[14353.106580] sd 2:0:0:0: rejecting I/O to offline device
[14353.107422] sd 2:0:0:0: rejecting I/O to offline device
[14353.108256] sd 2:0:0:0: rejecting I/O to offline device
[14353.109104] sd 2:0:0:0: rejecting I/O to offline device
[14353.109954] sd 2:0:0:0: rejecting I/O to offline device
[14353.110807] sd 2:0:0:0: rejecting I/O to offline device
[14353.111660] sd 2:0:0:0: rejecting I/O to offline device
[14353.112542] sd 2:0:0:0: rejecting I/O to offline device
[14353.113378] sd 2:0:0:0: rejecting I/O to offline device
[14353.114214] Buffer I/O error on device sda1, logical block 529994
[14353.115222] Buffer I/O error on device sda1, logical block 529995
[14353.116287] Buffer I/O error on device sda1, logical block 529996
[14353.117344] Buffer I/O error on device sda1, logical block 529997
[14353.118407] Buffer I/O error on device sda1, logical block 529998
[14353.119462] Buffer I/O error on device sda1, logical block 529999
[14353.120511] Buffer I/O error on device sda1, logical block 530000
[14353.121522] Buffer I/O error on device sda1, logical block 530001
[14353.122601] Buffer I/O error on device sda1, logical block 530002
[14353.123690] sd 2:0:0:0: rejecting I/O to offline device
[14353.124643] sd 2:0:0:0: rejecting I/O to offline device
[14353.125604] sd 2:0:0:0: rejecting I/O to offline device
[14353.126625] sd 2:0:0:0: rejecting I/O to offline device
[14353.143387] sd 2:0:0:0: rejecting I/O to offline device
[14353.147490] sd 2:0:0:0: rejecting I/O to offline device
[14353.154961] sd 2:0:0:0: rejecting I/O to offline device
[14353.156010] sd 2:0:0:0: rejecting I/O to offline device
[14353.157046] sd 2:0:0:0: rejecting I/O to offline device
[14353.158079] sd 2:0:0:0: rejecting I/O to offline device
[14353.159110] sd 2:0:0:0: rejecting I/O to offline device
[14353.162299] sd 2:0:0:0: rejecting I/O to offline device
[14353.163168] sd 2:0:0:0: rejecting I/O to offline device
[14353.165124] sd 2:0:0:0: rejecting I/O to offline device
[14353.174090] sd 2:0:0:0: rejecting I/O to offline device
[14353.174947] sd 2:0:0:0: rejecting I/O to offline device
[14353.175821] sd 2:0:0:0: rejecting I/O to offline device
[14353.198807] sd 2:0:0:0: rejecting I/O to offline device
[14353.462545] sd 2:0:0:0: rejecting I/O to offline device
[14353.482545] sd 2:0:0:0: rejecting I/O to offline device
[14353.483570] sd 2:0:0:0: rejecting I/O to offline device
[14353.484605] sd 2:0:0:0: rejecting I/O to offline device
[14353.485640] sd 2:0:0:0: rejecting I/O to offline device
[14353.488298] sd 2:0:0:0: rejecting I/O to offline device
[14353.489310] sd 2:0:0:0: rejecting I/O to offline device
[14353.490306] sd 2:0:0:0: rejecting I/O to offline device
[14353.491338] sd 2:0:0:0: rejecting I/O to offline device
[14353.492476] sd 2:0:0:0: rejecting I/O to offline device
[14353.501050] sd 2:0:0:0: rejecting I/O to offline device
[14353.502003] sd 2:0:0:0: rejecting I/O to offline device
[14353.502955] sd 2:0:0:0: rejecting I/O to offline device
[14353.503915] sd 2:0:0:0: rejecting I/O to offline device
[14353.504876] sd 2:0:0:0: rejecting I/O to offline device
[14353.505854] sd 2:0:0:0: rejecting I/O to offline device
[14353.506828] sd 2:0:0:0: rejecting I/O to offline device
[14353.507778] sd 2:0:0:0: rejecting I/O to offline device
[14353.508749] sd 2:0:0:0: rejecting I/O to offline device
[14353.509703] sd 2:0:0:0: rejecting I/O to offline device
[14353.512123] sd 2:0:0:0: rejecting I/O to offline device
[14353.551636] sd 2:0:0:0: rejecting I/O to offline device
[14353.723559] sd 2:0:0:0: rejecting I/O to offline device
[14353.861104] sd 2:0:0:0: rejecting I/O to offline device
[14353.861973] sd 2:0:0:0: rejecting I/O to offline device
[14353.862826] sd 2:0:0:0: rejecting I/O to offline device
[14353.863654] sd 2:0:0:0: rejecting I/O to offline device
[14353.864478] sd 2:0:0:0: rejecting I/O to offline device
[14353.865301] sd 2:0:0:0: rejecting I/O to offline device
[14353.866145] sd 2:0:0:0: rejecting I/O to offline device
[14353.866992] sd 2:0:0:0: rejecting I/O to offline device
[14353.867818] sd 2:0:0:0: rejecting I/O to offline device
[14353.868643] sd 2:0:0:0: rejecting I/O to offline device
[14353.869514] sd 2:0:0:0: rejecting I/O to offline device
[14353.870334] sd 2:0:0:0: rejecting I/O to offline device
[14353.871165] sd 2:0:0:0: rejecting I/O to offline device
[14353.871995] sd 2:0:0:0: rejecting I/O to offline device
[14353.872812] sd 2:0:0:0: rejecting I/O to offline device
[14353.873640] sd 2:0:0:0: rejecting I/O to offline device
[14353.874472] sd 2:0:0:0: rejecting I/O to offline device
[14353.883081] sd 2:0:0:0: rejecting I/O to offline device
[14353.883903] sd 2:0:0:0: rejecting I/O to offline device
[14353.884729] sd 2:0:0:0: rejecting I/O to offline device
[14353.885556] sd 2:0:0:0: rejecting I/O to offline device
[14353.886377] sd 2:0:0:0: rejecting I/O to offline device
[14353.887237] sd 2:0:0:0: rejecting I/O to offline device
[14353.888075] sd 2:0:0:0: rejecting I/O to offline device
[14353.896850] sd 2:0:0:0: rejecting I/O to offline device
[14353.901761] sd 2:0:0:0: rejecting I/O to offline device
[14353.902778] sd 2:0:0:0: rejecting I/O to offline device
[14353.909905] blk_update_request: I/O error, dev sda, sector 8535312
[14353.910016] sd 2:0:0:0: rejecting I/O to offline device
[14353.910022] sd 2:0:0:0: rejecting I/O to offline device
[14353.910107] blk_update_request: I/O error, dev sda, sector 8526952
[14353.910157] blk_update_request: I/O error, dev sda, sector 8527392
[14353.910196] blk_update_request: I/O error, dev sda, sector 4237992
[14353.910230] Aborting journal on device sda1-8.
[14353.910235] sd 2:0:0:0: rejecting I/O to offline device
[14353.910237] JBD2: Error -5 detected when updating journal superblock for sda1-8.
[14353.910260] EXT4-fs error (device sda1): ext4_wait_block_bitmap:503: comm kworker/u4:1: Cannot read block bitmap - block_group = 18, block_bitmap = 589824
[14353.910269] sd 2:0:0:0: rejecting I/O to offline device
[14353.910276] EXT4-fs (sda1): Delayed block allocation failed for inode 281418 at logical offset 0 with max blocks 10 with error 5
[14353.910277] EXT4-fs (sda1): This should not happen!! Data will be lost
[14353.910277] 
[14353.910279] EXT4-fs error (device sda1) in ext4_writepages:2608: IO failure
[14353.910280] EXT4-fs (sda1): previous I/O error to superblock detected
[14353.910284] sd 2:0:0:0: rejecting I/O to offline device
[14353.910643] EXT4-fs error (device sda1) in ext4_reserve_inode_write:5116: Journal has aborted
[14353.910645] EXT4-fs (sda1): previous I/O error to superblock detected
[14353.910651] sd 2:0:0:0: rejecting I/O to offline device
[14353.910656] EXT4-fs error (device sda1) in ext4_dirty_inode:5241: Journal has aborted
[14353.910657] EXT4-fs (sda1): previous I/O error to superblock detected
[14353.910866] sd 2:0:0:0: rejecting I/O to offline device
[14353.910872] sd 2:0:0:0: rejecting I/O to offline device
[14353.910874] EXT4-fs error (device sda1): ext4_journal_check_start:56: Detected aborted journal
[14353.910875] EXT4-fs (sda1): Remounting filesystem read-only
[14353.910876] EXT4-fs (sda1): previous I/O error to superblock detected
[14353.910878] sd 2:0:0:0: rejecting I/O to offline device
[14353.911588] EXT4-fs (sda1): I/O error while writing superblock
[14353.993220] blk_update_request: I/O error, dev sda, sector 8534872
[14353.994182] blk_update_request: I/O error, dev sda, sector 8534432
[14353.998007] blk_update_request: I/O error, dev sda, sector 8533992
[14354.000592] blk_update_request: I/O error, dev sda, sector 8533552
[14355.517356] sd 2:0:0:0: rejecting I/O to offline device
[14356.468501] sd 2:0:0:0: rejecting I/O to offline device
[14356.513234] sd 2:0:0:0: rejecting I/O to offline device
[14356.515632] sd 2:0:0:0: rejecting I/O to offline device
[14356.517411] sd 2:0:0:0: rejecting I/O to offline device
[14356.527552] EXT4-fs error (device sda1): ext4_find_entry:1451: inode #32769: comm unattended-upgr: reading directory lblock 0
[14356.556577] sd 2:0:0:0: rejecting I/O to offline device
[14356.591503] sd 2:0:0:0: rejecting I/O to offline device
[14356.605807] EXT4-fs error (device sda1): ext4_find_entry:1451: inode #32769: comm unattended-upgr: reading directory lblock 0
[14356.615522] EXT4-fs (sda1): previous I/O error to superblock detected
[14356.623489] sd 2:0:0:0: rejecting I/O to offline device
[14356.694793] sd 2:0:0:0: rejecting I/O to offline device
[14356.766419] EXT4-fs error (device sda1): ext4_find_entry:1451: inode #32769: comm unattended-upgr: reading directory lblock 0
[14356.860327] EXT4-fs (sda1): previous I/O error to superblock detected
[14356.876609] sd 2:0:0:0: rejecting I/O to offline device
[14356.899997] sd 2:0:0:0: rejecting I/O to offline device
[14356.974633] EXT4-fs error (device sda1): ext4_find_entry:1451: inode #32769: comm unattended-upgr: reading directory lblock 0
[14357.061864] sd 2:0:0:0: rejecting I/O to offline device
[14357.062920] sd 2:0:0:0: rejecting I/O to offline device
[14357.086705] EXT4-fs error (device sda1): ext4_find_entry:1451: inode #32769: comm unattended-upgr: reading directory lblock 0
[14357.100266] sd 2:0:0:0: rejecting I/O to offline device
[14357.133538] sd 2:0:0:0: rejecting I/O to offline device
[14357.182201] sd 2:0:0:0: rejecting I/O to offline device
[14357.232154] sd 2:0:0:0: rejecting I/O to offline device
[14357.280381] sd 2:0:0:0: rejecting I/O to offline device
[14357.281271] sd 2:0:0:0: rejecting I/O to offline device
[14357.366002] sd 2:0:0:0: rejecting I/O to offline device
[14357.377605] sd 2:0:0:0: rejecting I/O to offline device
[14357.382621] sd 2:0:0:0: rejecting I/O to offline device
[14357.392122] sd 2:0:0:0: rejecting I/O to offline device
[14357.404115] sd 2:0:0:0: rejecting I/O to offline device
[14357.415567] sd 2:0:0:0: rejecting I/O to offline device
[14357.429736] sd 2:0:0:0: rejecting I/O to offline device
[14357.506012] sd 2:0:0:0: rejecting I/O to offline device
[14357.524643] sd 2:0:0:0: rejecting I/O to offline device
[14357.564366] sd 2:0:0:0: rejecting I/O to offline device
[14357.576836] sd 2:0:0:0: rejecting I/O to offline device
[14357.590451] sd 2:0:0:0: rejecting I/O to offline device
[14357.660873] sd 2:0:0:0: rejecting I/O to offline device
[14357.739039] sd 2:0:0:0: rejecting I/O to offline device
[14357.781762] sd 2:0:0:0: rejecting I/O to offline device
[14357.852189] sd 2:0:0:0: rejecting I/O to offline device
[14357.899174] sd 2:0:0:0: rejecting I/O to offline device
[14357.908714] sd 2:0:0:0: rejecting I/O to offline device
[14357.920569] sd 2:0:0:0: rejecting I/O to offline device
[14357.968734] sd 2:0:0:0: rejecting I/O to offline device
[14358.034043] sd 2:0:0:0: rejecting I/O to offline device
[14358.053667] sd 2:0:0:0: rejecting I/O to offline device
[14358.065785] sd 2:0:0:0: rejecting I/O to offline device
[14358.090091] sd 2:0:0:0: rejecting I/O to offline device
[14358.095330] sd 2:0:0:0: rejecting I/O to offline device
[14358.186646] sd 2:0:0:0: rejecting I/O to offline device
[14358.287625] sd 2:0:0:0: rejecting I/O to offline device
[14358.300734] sd 2:0:0:0: rejecting I/O to offline device
[14358.348624] sd 2:0:0:0: rejecting I/O to offline device
[14358.374939] sd 2:0:0:0: rejecting I/O to offline device
[14358.447114] sd 2:0:0:0: rejecting I/O to offline device
[14358.484524] sd 2:0:0:0: rejecting I/O to offline device
[14358.496058] sd 2:0:0:0: rejecting I/O to offline device
[14358.507718] sd 2:0:0:0: rejecting I/O to offline device
[14358.524428] sd 2:0:0:0: rejecting I/O to offline device
[14358.536591] sd 2:0:0:0: rejecting I/O to offline device
[14358.551986] sd 2:0:0:0: rejecting I/O to offline device
[14358.566364] sd 2:0:0:0: rejecting I/O to offline device
[14358.586353] sd 2:0:0:0: rejecting I/O to offline device
[14358.640342] sd 2:0:0:0: rejecting I/O to offline device
[14358.716404] sd 2:0:0:0: rejecting I/O to offline device
[14358.761828] sd 2:0:0:0: rejecting I/O to offline device
[14358.858221] sd 2:0:0:0: rejecting I/O to offline device
[14358.897049] sd 2:0:0:0: rejecting I/O to offline device
[14358.949055] sd 2:0:0:0: rejecting I/O to offline device
[14359.047260] sd 2:0:0:0: rejecting I/O to offline device
[14359.081985] sd 2:0:0:0: rejecting I/O to offline device
[14359.099354] sd 2:0:0:0: rejecting I/O to offline device
[14359.131027] sd 2:0:0:0: rejecting I/O to offline device
[14359.152299] sd 2:0:0:0: rejecting I/O to offline device
[14359.171290] sd 2:0:0:0: rejecting I/O to offline device
[14359.182757] sd 2:0:0:0: rejecting I/O to offline device
[14359.192756] sd 2:0:0:0: rejecting I/O to offline device
[14359.203441] sd 2:0:0:0: rejecting I/O to offline device
[14359.287309] sd 2:0:0:0: rejecting I/O to offline device
[14359.346252] sd 2:0:0:0: rejecting I/O to offline device
[14359.364468] sd 2:0:0:0: rejecting I/O to offline device
[14359.379492] sd 2:0:0:0: rejecting I/O to offline device
[14359.414517] sd 2:0:0:0: rejecting I/O to offline device
[14359.426251] sd 2:0:0:0: rejecting I/O to offline device
[14359.441166] sd 2:0:0:0: rejecting I/O to offline device
[14359.489079] sd 2:0:0:0: rejecting I/O to offline device
[14359.506335] sd 2:0:0:0: rejecting I/O to offline device
[14359.523326] sd 2:0:0:0: rejecting I/O to offline device
[14359.570123] sd 2:0:0:0: rejecting I/O to offline device
[14359.646256] sd 2:0:0:0: rejecting I/O to offline device
[14359.669813] sd 2:0:0:0: rejecting I/O to offline device
[14359.690744] sd 2:0:0:0: rejecting I/O to offline device
[14359.704504] sd 2:0:0:0: rejecting I/O to offline device
[14359.770722] sd 2:0:0:0: rejecting I/O to offline device
[14359.782727] sd 2:0:0:0: rejecting I/O to offline device
[14359.788407] sd 2:0:0:0: rejecting I/O to offline device
